<?xml version="1.0" encoding="UTF-8"?>
<!-- Generated by org.testng.reporters.JUnitXMLReporter -->
<testsuite ignored="0" hostname="DESKTOP-691D99K" failures="0" tests="3" name="Default test" time="22.043" errors="0" timestamp="2025-03-06T14:45:13 IST">
  <testcase classname="com.testproject.qa.testcases.LoginPageTest" name="verifyTitleTest" time="0.037"/>
  <testcase classname="com.testproject.qa.testcases.LoginPageTest" name="verifyLogoImageTest" time="0.19"/>
  <testcase classname="com.testproject.qa.testcases.LoginPageTest" name="loginTest" time="2.834"/>
</testsuite> <!-- Default test -->
