<?xml version="1.0" encoding="UTF-8"?>
<testng-results ignored="0" total="1" passed="1" failed="0" skipped="0">
  <reporter-output>
  </reporter-output>
  <suite started-at="2025-02-14T17:08:57 IST" name="Suite" finished-at="2025-02-14T17:09:44 IST" duration-ms="47036">
    <groups>
    </groups>
    <test started-at="2025-02-14T17:08:57 IST" name="Test" finished-at="2025-02-14T17:09:44 IST" duration-ms="47036">
      <class name="com.testproject.qa.testcases.CheckOutStepTwoPageTest">
        <test-method is-config="true" signature="setUp()[pri:0, instance:com.testproject.qa.testcases.CheckOutStepTwoPageTest@3c77d488]" started-at="2025-02-14T17:08:57 IST" name="setUp" finished-at="2025-02-14T17:09:27 IST" duration-ms="29656" status="PASS">
          <reporter-output>
          </reporter-output>
        </test-method> <!-- setUp -->
        <test-method signature="test()[pri:0, instance:com.testproject.qa.testcases.CheckOutStepTwoPageTest@3c77d488]" started-at="2025-02-14T17:09:27 IST" name="test" finished-at="2025-02-14T17:09:44 IST" duration-ms="16906" status="PASS">
          <reporter-output>
          </reporter-output>
        </test-method> <!-- test -->
        <test-method is-config="true" signature="tearDown()[pri:0, instance:com.testproject.qa.testcases.CheckOutStepTwoPageTest@3c77d488]" started-at="2025-02-14T17:09:44 IST" name="tearDown" finished-at="2025-02-14T17:09:44 IST" duration-ms="403" status="PASS">
          <reporter-output>
          </reporter-output>
        </test-method> <!-- tearDown -->
      </class> <!-- com.testproject.qa.testcases.CheckOutStepTwoPageTest -->
    </test> <!-- Test -->
  </suite> <!-- Suite -->
</testng-results>
